<?xml version="1.0" encoding="UTF-8" ?>
<testsuite failures="0" time="244.728" errors="1" skipped="4" tests="19" name="com.ford.gux.tests.selenium.DealerLocatorTest">
  <properties>
[...]
</properties>
  <testcase time="8.969" classname="com.ford.gux.tests.selenium.DealerLocatorTest" name="dealerAutocompleteTest"/>
  <testcase time="21.48" classname="com.ford.gux.tests.selenium.DealerLocatorTest" name="fordStorePresearchFilter"/>
  <testcase time="31.194" classname="com.ford.gux.tests.selenium.DealerLocatorTest" name="filterServicesResultsTest"/>
  <testcase time="4.815" classname="com.ford.gux.tests.selenium.DealerLocatorTest" name="dealerLocatorResponsiveComponentsTest"/>
  <testcase time="4.816" classname="com.ford.gux.tests.selenium.DealerLocatorTest" name="unsupportedBrowserTest">
    <skipped/>
  </testcase>
  <testcase time="5.542" classname="com.ford.gux.tests.selenium.DealerLocatorTest" name="searchForDealer"/>
  <testcase time="25.093" classname="com.ford.gux.tests.selenium.DealerLocatorTest" name="filterDistanceResultsTest"/>
  <testcase time="5.43" classname="com.ford.gux.tests.selenium.DealerLocatorTest" name="searchDealerThroughLocation"/>
  <testcase time="6.113" classname="com.ford.gux.tests.selenium.DealerLocatorTest" name="showMoreDealersRevealsMore"/>
  <testcase time="3.674" classname="com.ford.gux.tests.selenium.DealerLocatorTest" name="ukIslandsSearches"/>
  <testcase time="60.815" classname="com.ford.gux.tests.selenium.DealerLocatorTest" name="currentLocationSearch"/>
  <testcase time="60.815" classname="com.ford.gux.tests.selenium.DealerLocatorTest" name="tabThroughAutocomplete">
    <skipped/>
  </testcase>
  <testcase time="6.682" classname="com.ford.gux.tests.selenium.DealerLocatorTest" name="locationDisambiguationTest"/>
  <testcase time="6.682" classname="com.ford.gux.tests.selenium.DealerLocatorTest" name="hyphenDoesNotBreakServices">
    <skipped/>
  </testcase>
  <testcase time="6.682" classname="com.ford.gux.tests.selenium.DealerLocatorTest" name="mustangPreFilterTest">
    <skipped/>
  </testcase>
  <testcase time="35.644" classname="com.ford.gux.tests.selenium.DealerLocatorTest" name="numberOfMapPinsAreCorrect">
    <error message="Timed out after 30 seconds waiting for presence of element located by: By.xpath: //*[@id=&quot;map&quot;]/div/div[8]/div[3]/div[4]
Build info: version: &apos;2.40.0&apos;, revision: &apos;4c5c0568b004f67810ee41c459549aa4b09c651e&apos;, time: &apos;2014-02-19 11:13:01&apos;
System info: host: &apos;WGC1W79VVT5Y1&apos;, ip: &apos;19.151.154.134&apos;, os.name: &apos;Windows 7&apos;, os.arch: &apos;amd64&apos;, os.version: &apos;6.1&apos;, java.version: &apos;1.7.0_25&apos;
Driver info: driver.version: unknown" type="org.openqa.selenium.TimeoutException">org.openqa.selenium.TimeoutException: Timed out after 30 seconds waiting for presence of element located by: By.xpath: //*[@id=&quot;map&quot;]/div/div[8]/div[3]/div[4]
Build info: version: &apos;2.40.0&apos;, revision: &apos;4c5c0568b004f67810ee41c459549aa4b09c651e&apos;, time: &apos;2014-02-19 11:13:01&apos;
System info: host: &apos;WGC1W79VVT5Y1&apos;, ip: &apos;19.151.154.134&apos;, os.name: &apos;Windows 7&apos;, os.arch: &apos;amd64&apos;, os.version: &apos;6.1&apos;, java.version: &apos;1.7.0_25&apos;
Driver info: driver.version: unknown
	at org.openqa.selenium.support.ui.FluentWait.timeoutException(FluentWait.java:259)
	at org.openqa.selenium.support.ui.FluentWait.until(FluentWait.java:228)
	at com.ford.gux.tests.selenium.WaitHelpers.waitForElementToDisplayOnScreen(WaitHelpers.java:361)
	at com.ford.gux.tests.selenium.DealerLocatorPage.waitForMapPinsToRender(DealerLocatorPage.java:374)
	at com.ford.gux.tests.selenium.DealerLocatorTest.numberOfMapPinsAreCorrect(DealerLocatorTest.java:185)
	at sun.reflect.NativeMethodAccessorImpl.invoke0(Native Method)
	at sun.reflect.NativeMethodAccessorImpl.invoke(NativeMethodAccessorImpl.java:57)
	at sun.reflect.DelegatingMethodAccessorImpl.invoke(DelegatingMethodAccessorImpl.java:43)
	at java.lang.reflect.Method.invoke(Method.java:606)
	at org.junit.runners.model.FrameworkMethod$1.runReflectiveCall(FrameworkMethod.java:47)
	at org.junit.internal.runners.model.ReflectiveCallable.run(ReflectiveCallable.java:12)
	at org.junit.runners.model.FrameworkMethod.invokeExplosively(FrameworkMethod.java:44)
	at org.junit.internal.runners.statements.InvokeMethod.evaluate(InvokeMethod.java:17)
	at org.junit.runners.ParentRunner.runLeaf(ParentRunner.java:271)
	at org.junit.runners.BlockJUnit4ClassRunner.runChild(BlockJUnit4ClassRunner.java:70)
	at org.junit.runners.BlockJUnit4ClassRunner.runChild(BlockJUnit4ClassRunner.java:50)
	at org.junit.runners.ParentRunner$3.run(ParentRunner.java:238)
	at org.junit.runners.ParentRunner$1.schedule(ParentRunner.java:63)
	at org.junit.runners.ParentRunner.runChildren(ParentRunner.java:236)
	at org.junit.runners.ParentRunner.access$000(ParentRunner.java:53)
	at org.junit.runners.ParentRunner$2.evaluate(ParentRunner.java:229)
	at org.junit.internal.runners.statements.RunBefores.evaluate(RunBefores.java:26)
	at org.junit.internal.runners.statements.RunAfters.evaluate(RunAfters.java:27)
	at org.junit.runners.ParentRunner.run(ParentRunner.java:309)
	at org.apache.maven.surefire.junit4.JUnit4TestSet.execute(JUnit4TestSet.java:35)
	at org.apache.maven.surefire.junit4.JUnit4Provider.executeTestSet(JUnit4Provider.java:146)
	at org.apache.maven.surefire.junit4.JUnit4Provider.invoke(JUnit4Provider.java:97)
	at sun.reflect.NativeMethodAccessorImpl.invoke0(Native Method)
	at sun.reflect.NativeMethodAccessorImpl.invoke(NativeMethodAccessorImpl.java:57)
	at sun.reflect.DelegatingMethodAccessorImpl.invoke(DelegatingMethodAccessorImpl.java:43)
	at java.lang.reflect.Method.invoke(Method.java:606)
	at org.apache.maven.surefire.booter.ProviderFactory$ClassLoaderProxy.invoke(ProviderFactory.java:103)
	at com.sun.proxy.$Proxy0.invoke(Unknown Source)
	at org.apache.maven.surefire.booter.SurefireStarter.invokeProvider(SurefireStarter.java:145)
	at org.apache.maven.surefire.booter.SurefireStarter.runSuitesInProcess(SurefireStarter.java:87)
	at org.apache.maven.surefire.booter.ForkedBooter.main(ForkedBooter.java:69)
Caused by: org.openqa.selenium.NoSuchElementException: no such element
  (Session info: chrome=40.0.2214.115)
  (Driver info: chromedriver=2.14.313457 (3d645c400edf2e2c500566c9aa096063e707c9cf),platform=Windows NT 6.1 SP1 x86_64) (WARNING: The server did not provide any stacktrace information)
Command duration or timeout: 7 milliseconds
For documentation on this error, please visit: http://seleniumhq.org/exceptions/no_such_element.html
Build info: version: &apos;2.40.0&apos;, revision: &apos;4c5c0568b004f67810ee41c459549aa4b09c651e&apos;, time: &apos;2014-02-19 11:13:01&apos;
System info: host: &apos;WGC1W79VVT5Y1&apos;, ip: &apos;19.151.154.134&apos;, os.name: &apos;Windows 7&apos;, os.arch: &apos;amd64&apos;, os.version: &apos;6.1&apos;, java.version: &apos;1.7.0_25&apos;
Session ID: 86c593cb0dbae54ce820a007657bcd31
Driver info: org.openqa.selenium.chrome.ChromeDriver
Capabilities [{platform=XP, acceptSslCerts=true, javascriptEnabled=true, browserName=chrome, chrome={userDataDir=C:\Users\ALEWI143\AppData\Local\Temp\scoped_dir6024_9605}, rotatable=false, locationContextEnabled=true, mobileEmulationEnabled=false, version=40.0.2214.115, takesHeapSnapshot=true, cssSelectorsEnabled=true, databaseEnabled=false, handlesAlerts=true, browserConnectionEnabled=false, nativeEvents=true, webStorageEnabled=true, applicationCacheEnabled=false, takesScreenshot=true}]
	at sun.reflect.GeneratedConstructorAccessor11.newInstance(Unknown Source)
	at sun.reflect.DelegatingConstructorAccessorImpl.newInstance(DelegatingConstructorAccessorImpl.java:45)
	at java.lang.reflect.Constructor.newInstance(Constructor.java:526)
	at org.openqa.selenium.remote.ErrorHandler.createThrowable(ErrorHandler.java:193)
	at org.openqa.selenium.remote.ErrorHandler.throwIfResponseFailed(ErrorHandler.java:145)
	at org.openqa.selenium.remote.RemoteWebDriver.execute(RemoteWebDriver.java:573)
	at org.openqa.selenium.remote.RemoteWebDriver.findElement(RemoteWebDriver.java:326)
	at org.openqa.selenium.remote.RemoteWebDriver.findElementByXPath(RemoteWebDriver.java:423)
	at org.openqa.selenium.By$ByXPath.findElement(By.java:357)
	at org.openqa.selenium.remote.RemoteWebDriver.findElement(RemoteWebDriver.java:318)
	at org.openqa.selenium.support.ui.ExpectedConditions.findElement(ExpectedConditions.java:730)
	at org.openqa.selenium.support.ui.ExpectedConditions.access$000(ExpectedConditions.java:39)
	at org.openqa.selenium.support.ui.ExpectedConditions$3.apply(ExpectedConditions.java:106)
	at org.openqa.selenium.support.ui.ExpectedConditions$3.apply(ExpectedConditions.java:103)
	at org.openqa.selenium.support.ui.FluentWait.until(FluentWait.java:208)
	... 34 more
</error>
  </testcase>
  <testcase time="3.707" classname="com.ford.gux.tests.selenium.DealerLocatorTest" name="invalidLocationSearch"/>
  <testcase time="15.8" classname="com.ford.gux.tests.selenium.DealerLocatorTest" name="pinExitButtonsPresentOnMapPopups"/>
  <testcase time="5.494" classname="com.ford.gux.tests.selenium.DealerLocatorTest" name="locationAutocompleteTest"/>
</testsuite>